Bad Checksum - idPage: 0, tyPage: 0, iPage: 0
Source      : D:\02.de\WEB.SSM\App_Data\NWind.mdf
Destination : C:\Users\ADMINI~1\AppData\Local\Temp\sqlC69C.tmp
Repairing - verMajor: 1, verMinor: 0, verBuild: 0, verPoint: 0
Time - 2014-16-10 23:44:42.631
Database format in database header page is corrupt (or not a database file)
Bad Checksum - idPage: 0, tyPage: 0, iPage: 485
Bad Checksum - idPage: 2, tyPage: 0, iPage: 24
Bad Checksum - idPage: 3, tyPage: 0, iPage: 295
Bad Checksum - idPage: 6, tyPage: 0, iPage: 64
Bad Checksum - idPage: 9, tyPage: 0, iPage: 303
Bad Checksum - idPage: 15, tyPage: 0, iPage: 525
Bad Checksum - idPage: 20, tyPage: 0, iPage: 221
Bad Checksum - idPage: 60, tyPage: 0, iPage: 559
Bad Checksum - idPage: 101, tyPage: 2, iPage: 503
Bad Checksum - idPage: 104, tyPage: 2, iPage: 397
Bad Checksum - idPage: 110, tyPage: 3, iPage: 471
Bad Checksum - idPage: 111, tyPage: 2, iPage: 441
Bad Checksum - idPage: 114, tyPage: 7, iPage: 357
Bad Checksum - idPage: 116, tyPage: 3, iPage: 523
Bad Checksum - idPage: 121, tyPage: 2, iPage: 421
Bad Checksum - idPage: 140, tyPage: 0, iPage: 381
Bad Checksum - idPage: 255, tyPage: 11, iPage: 709
Bad Checksum - idPage: 256, tyPage: 0, iPage: 317
Bad Checksum - idPage: 480, tyPage: 0, iPage: 149
Bad Checksum - idPage: 1024, tyPage: 0, iPage: 375
Bad Checksum - idPage: 3331, tyPage: 0, iPage: 671
Bad Checksum - idPage: 4096, tyPage: 0, iPage: 651
Bad Checksum - idPage: 4224, tyPage: 0, iPage: 111
Bad Checksum - idPage: 4348, tyPage: 0, iPage: 515
Bad Checksum - idPage: 4837, tyPage: 0, iPage: 383
Bad Checksum - idPage: 5376, tyPage: 0, iPage: 531
Bad Checksum - idPage: 8192, tyPage: 0, iPage: 555
Bad Checksum - idPage: 10307, tyPage: 0, iPage: 539
Bad Checksum - idPage: 10415, tyPage: 0, iPage: 543
Bad Checksum - idPage: 10458, tyPage: 0, iPage: 557
Bad Checksum - idPage: 10496, tyPage: 0, iPage: 563
Bad Checksum - idPage: 10523, tyPage: 0, iPage: 577
Bad Checksum - idPage: 10633, tyPage: 0, iPage: 579
Bad Checksum - idPage: 10742, tyPage: 0, iPage: 581
Bad Checksum - idPage: 10851, tyPage: 0, iPage: 583
Bad Checksum - idPage: 10972, tyPage: 0, iPage: 585
Bad Checksum - idPage: 12288, tyPage: 0, iPage: 549
Bad Checksum - idPage: 12800, tyPage: 0, iPage: 825
Bad Checksum - idPage: 14336, tyPage: 0, iPage: 409
Bad Checksum - idPage: 14392, tyPage: 0, iPage: 109
Bad Checksum - idPage: 16256, tyPage: 0, iPage: 267
Bad Checksum - idPage: 16384, tyPage: 0, iPage: 637
Bad Checksum - idPage: 20480, tyPage: 0, iPage: 403
Bad Checksum - idPage: 22187, tyPage: 0, iPage: 777
Bad Checksum - idPage: 22528, tyPage: 0, iPage: 433
Bad Checksum - idPage: 24832, tyPage: 0, iPage: 405
Bad Checksum - idPage: 25856, tyPage: 0, iPage: 97
Bad Checksum - idPage: 26880, tyPage: 0, iPage: 427
Bad Checksum - idPage: 27392, tyPage: 0, iPage: 561
Bad Checksum - idPage: 27648, tyPage: 0, iPage: 255
Bad Checksum - idPage: 28160, tyPage: 0, iPage: 419
Bad Checksum - idPage: 28416, tyPage: 0, iPage: 377
Bad Checksum - idPage: 28928, tyPage: 0, iPage: 401
Bad Checksum - idPage: 29184, tyPage: 0, iPage: 619
Bad Checksum - idPage: 29440, tyPage: 0, iPage: 387
Bad Checksum - idPage: 29554, tyPage: 3, iPage: 759
Bad Checksum - idPage: 29696, tyPage: 0, iPage: 411
Bad Checksum - idPage: 29952, tyPage: 0, iPage: 527
Bad Checksum - idPage: 30464, tyPage: 0, iPage: 385
Bad Checksum - idPage: 30720, tyPage: 0, iPage: 423
Bad Checksum - idPage: 32768, tyPage: 0, iPage: 676
Bad Checksum - idPage: 35893, tyPage: 0, iPage: 501
Bad Checksum - idPage: 49152, tyPage: 0, iPage: 74
Bad Checksum - idPage: 65536, tyPage: 0, iPage: 493
Bad Checksum - idPage: 65581, tyPage: 3, iPage: 823
Bad Checksum - idPage: 65612, tyPage: 4, iPage: 483
Bad Checksum - idPage: 65618, tyPage: 6, iPage: 81
Bad Checksum - idPage: 65620, tyPage: 6, iPage: 589
Bad Checksum - idPage: 65624, tyPage: 3, iPage: 763
Bad Checksum - idPage: 65634, tyPage: 6, iPage: 473
Bad Checksum - idPage: 65636, tyPage: 6, iPage: 499
Bad Checksum - idPage: 65637, tyPage: 6, iPage: 547
Bad Checksum - idPage: 81920, tyPage: 0, iPage: 50
Bad Checksum - idPage: 93996, tyPage: 12, iPage: 775
Bad Checksum - idPage: 98304, tyPage: 0, iPage: 824
Bad Checksum - idPage: 107265, tyPage: 0, iPage: 407
Bad Checksum - idPage: 114688, tyPage: 0, iPage: 654
Bad Checksum - idPage: 116138, tyPage: 4, iPage: 715
Bad Checksum - idPage: 126976, tyPage: 0, iPage: 313
Bad Checksum - idPage: 131072, tyPage: 0, iPage: 200
Bad Checksum - idPage: 131098, tyPage: 2, iPage: 281
Bad Checksum - idPage: 131104, tyPage: 4, iPage: 593
Bad Checksum - idPage: 131121, tyPage: 3, iPage: 491
Bad Checksum - idPage: 131133, tyPage: 4, iPage: 371
Bad Checksum - idPage: 131145, tyPage: 4, iPage: 467
Bad Checksum - idPage: 131156, tyPage: 7, iPage: 417
Bad Checksum - idPage: 131173, tyPage: 7, iPage: 529
Bad Checksum - idPage: 131177, tyPage: 7, iPage: 425
Bad Checksum - idPage: 131183, tyPage: 5, iPage: 487
Bad Checksum - idPage: 131256, tyPage: 12, iPage: 481
Bad Checksum - idPage: 147456, tyPage: 0, iPage: 198
Bad Checksum - idPage: 148781, tyPage: 9, iPage: 791
Bad Checksum - idPage: 160340, tyPage: 3, iPage: 785
Bad Checksum - idPage: 196608, tyPage: 1, iPage: 367
Bad Checksum - idPage: 196640, tyPage: 4, iPage: 393
Bad Checksum - idPage: 196687, tyPage: 7, iPage: 545
Bad Checksum - idPage: 196722, tyPage: 6, iPage: 653
Bad Checksum - idPage: 196729, tyPage: 7, iPage: 337
Bad Checksum - idPage: 212941, tyPage: 14, iPage: 705
Bad Checksum - idPage: 262144, tyPage: 12, iPage: 737
Bad Checksum - idPage: 262194, tyPage: 3, iPage: 445
Bad Checksum - idPage: 262228, tyPage: 5, iPage: 633
Bad Checksum - idPage: 262245, tyPage: 4, iPage: 161
Bad Checksum - idPage: 276890, tyPage: 15, iPage: 723
Bad Checksum - idPage: 322582, tyPage: 3, iPage: 725
Bad Checksum - idPage: 327734, tyPage: 11, iPage: 497
Bad Checksum - idPage: 327763, tyPage: 6, iPage: 415
Bad Checksum - idPage: 327783, tyPage: 6, iPage: 431
Bad Checksum - idPage: 327784, tyPage: 6, iPage: 477
Bad Checksum - idPage: 327796, tyPage: 6, iPage: 233
Bad Checksum - idPage: 355295, tyPage: 12, iPage: 795
Bad Checksum - idPage: 358767, tyPage: 6, iPage: 257
Bad Checksum - idPage: 376514, tyPage: 9, iPage: 727
Bad Checksum - idPage: 393266, tyPage: 3, iPage: 603
Bad Checksum - idPage: 393281, tyPage: 7, iPage: 673
Bad Checksum - idPage: 393317, tyPage: 7, iPage: 489
Bad Checksum - idPage: 393333, tyPage: 6, iPage: 469
Bad Checksum - idPage: 437468, tyPage: 1, iPage: 707
Bad Checksum - idPage: 458866, tyPage: 6, iPage: 765
Bad Checksum - idPage: 464021, tyPage: 15, iPage: 719
Bad Checksum - idPage: 499699, tyPage: 14, iPage: 711
Bad Checksum - idPage: 508133, tyPage: 3, iPage: 789
Bad Checksum - idPage: 524304, tyPage: 1, iPage: 291
Bad Checksum - idPage: 524422, tyPage: 9, iPage: 495
Bad Checksum - idPage: 524452, tyPage: 10, iPage: 465
Bad Checksum - idPage: 536600, tyPage: 0, iPage: 769
Bad Checksum - idPage: 589840, tyPage: 1, iPage: 207
Bad Checksum - idPage: 589875, tyPage: 2, iPage: 767
Bad Checksum - idPage: 589934, tyPage: 7, iPage: 187
Bad Checksum - idPage: 603839, tyPage: 15, iPage: 771
Bad Checksum - idPage: 648166, tyPage: 12, iPage: 783
Bad Checksum - idPage: 655508, tyPage: 10, iPage: 793
Bad Checksum - idPage: 707233, tyPage: 0, iPage: 797
Bad Checksum - idPage: 721007, tyPage: 6, iPage: 95
Bad Checksum - idPage: 721185, tyPage: 13, iPage: 609
Bad Checksum - idPage: 738818, tyPage: 8, iPage: 713
Bad Checksum - idPage: 754226, tyPage: 12, iPage: 799
Bad Checksum - idPage: 771780, tyPage: 0, iPage: 35
Bad Checksum - idPage: 785907, tyPage: 4, iPage: 787
Bad Checksum - idPage: 786914, tyPage: 7, iPage: 721
Bad Checksum - idPage: 847984, tyPage: 2, iPage: 779
Bad Checksum - idPage: 852069, tyPage: 2, iPage: 565
Bad Checksum - idPage: 852072, tyPage: 6, iPage: 429
Bad Checksum - idPage: 852082, tyPage: 6, iPage: 475
Bad Checksum - idPage: 852109, tyPage: 8, iPage: 413
Bad Checksum - idPage: 865882, tyPage: 0, iPage: 773
Bad Checksum - idPage: 882304, tyPage: 11, iPage: 781
Bad Checksum - idPage: 904396, tyPage: 3, iPage: 551
Bad Checksum - idPage: 983040, tyPage: 15, iPage: 92
Bad Checksum - idPage: 983113, tyPage: 5, iPage: 665
Bad Checksum - idPage: 983140, tyPage: 4, iPage: 179
Bad Checksum - idPage: 984990, tyPage: 7, iPage: 615
Bad Checksum - idPage: 997424, tyPage: 11, iPage: 717
Bad Checksum - idPage: 1015808, tyPage: 3, iPage: 599
Bad Checksum - idPage: 1034511, tyPage: 5, iPage: 813
Bad Checksum - idPage: 1048575, tyPage: 15, iPage: 5

